<?xml version="1.0" encoding="utf-8" standalone="yes"?><Layout layout="test" modulePackage="sk.uniza.fri.autoskola" filePath="app\src\main\res\layout\test.xml" directory="layout" isMerge="false" isBindingData="false" rootNodeType="androidx.coordinatorlayout.widget.CoordinatorLayout"><Targets><Target tag="layout/test_0" view="androidx.coordinatorlayout.widget.CoordinatorLayout"><Expressions/><location startLine="1" startOffset="0" endLine="24" endOffset="53"/></Target><Target id="@+id/testholder" view="FrameLayout"><Expressions/><location startLine="13" startOffset="8" endLine="20" endOffset="55"/></Target></Targets></Layout>