<?xml version="1.0" encoding="utf-8"?>

                                                              
                                                        

    

                 
                       
                                                
           

    <androidx.constraintlayout.widget.ConstraintLayout
        android:layout_width="match_parent"
        android:layout_height="match_parent"
        tools:context=".TestResult" android:tag="layout/test_result_0" xmlns:tools="http://schemas.android.com/tools" xmlns:android="http://schemas.android.com/apk/res/android" xmlns:app="http://schemas.android.com/apk/res-auto">


        <TextView
            android:id="@+id/result"
            android:layout_width="wrap_content"
            android:layout_height="wrap_content"
            android:text="@string/result"
            android:textAlignment="center"
            android:textSize="48sp"
            app:layout_constraintEnd_toEndOf="parent"
            app:layout_constraintStart_toStartOf="parent"
            app:layout_constraintTop_toTopOf="parent" />

        <ImageView
            android:id="@+id/result_image"
            android:layout_margin="20dp"
            android:layout_width="100dp"
            android:layout_height="100dp"
            app:layout_constraintEnd_toEndOf="parent"
            app:layout_constraintStart_toStartOf="parent"
            app:layout_constraintTop_toBottomOf="@+id/result"
            app:srcCompat="@drawable/check" />

        <TextView
            android:id="@+id/score"
            android:layout_width="wrap_content"
            android:layout_height="wrap_content"
            android:layout_marginTop="9dp"
            android:textAlignment="center"
            android:tag="binding_1"              
            app:layout_constraintEnd_toEndOf="parent"
            app:layout_constraintStart_toStartOf="parent"
            app:layout_constraintTop_toBottomOf="@+id/result_image" />

    </androidx.constraintlayout.widget.ConstraintLayout>
         