<?xml version="1.0" encoding="utf-8"?>
<layout xmlns:tools="http://schemas.android.com/tools"
    xmlns:android="http://schemas.android.com/apk/res/android"
    xmlns:app="http://schemas.android.com/apk/res-auto">

    <data>

        <variable
            name="test"
            type="sk.uniza.fri.autoskola.TestFragment"/>
    </data>

    <androidx.constraintlayout.widget.ConstraintLayout
        android:layout_width="match_parent"
        android:layout_height="match_parent"
        tools:context=".TestResultFragment">


        <TextView
            android:id="@+id/result"
            android:layout_width="wrap_content"
            android:layout_height="wrap_content"
            android:text="@string/result"
            android:textAlignment="center"
            android:textSize="48sp"
            app:layout_constraintEnd_toEndOf="parent"
            app:layout_constraintStart_toStartOf="parent"
            app:layout_constraintTop_toTopOf="parent" />

        <ImageView
            android:id="@+id/result_image"
            android:layout_margin="20dp"
            android:layout_width="100dp"
            android:layout_height="100dp"
            app:layout_constraintEnd_toEndOf="parent"
            app:layout_constraintStart_toStartOf="parent"
            app:layout_constraintTop_toBottomOf="@+id/result"
            app:srcCompat="@drawable/check" />

        <TextView
            android:id="@+id/score"
            android:layout_width="wrap_content"
            android:layout_height="wrap_content"
            android:layout_marginTop="9dp"
            android:textAlignment="center"
            android:text="@{test.getScoreText()}"
            app:layout_constraintEnd_toEndOf="parent"
            app:layout_constraintStart_toStartOf="parent"
            app:layout_constraintTop_toBottomOf="@+id/result_image" />

    </androidx.constraintlayout.widget.ConstraintLayout>
</layout>